  base.cpp
C:\Users\Dell\Documents\CG\Dandara\base.cpp(9,41): warning C4305: '=': truncamento de 'double' para 'float'
C:\Users\Dell\Documents\CG\Dandara\base.cpp(36,46): warning C4244: 'argumento': conversão de 'double' para 'GLfloat', possível perda de dados
C:\Users\Dell\Documents\CG\Dandara\base.cpp(36,28): warning C4244: 'argumento': conversão de 'double' para 'GLfloat', possível perda de dados
C:\Users\Dell\Documents\CG\Dandara\base.cpp(43,39): warning C4244: 'argumento': conversão de 'double' para 'GLfloat', possível perda de dados
  formas.cpp
C:\Users\Dell\Documents\CG\Dandara\formas.cpp(10,20): warning C4305: 'inicializando': truncamento de 'double' para 'float'
C:\Users\Dell\Documents\CG\Dandara\formas.cpp(12,26): warning C4244: 'inicializando': conversão de 'double' para 'float', possível perda de dados
C:\Users\Dell\Documents\CG\Dandara\formas.cpp(13,26): warning C4244: 'inicializando': conversão de 'double' para 'float', possível perda de dados
  main.cpp
C:\Users\Dell\Documents\CG\Dandara\main.cpp(113,26): warning C4244: 'argumento': conversão de 'double' para 'unsigned int', possível perda de dados
C:\Users\Dell\Documents\CG\Dandara\main.cpp(115,32): warning C4244: 'argumento': conversão de 'double' para 'float', possível perda de dados
C:\Users\Dell\Documents\CG\Dandara\main.cpp(177,26): warning C4244: 'argumento': conversão de 'double' para 'unsigned int', possível perda de dados
  obstaculo.cpp
C:\Users\Dell\Documents\CG\Dandara\obstaculo.cpp(27,19): warning C4244: '=': conversão de 'int' para 'T', possível perda de dados
          with
          [
              T=float
          ]
C:\Users\Dell\Documents\CG\Dandara\obstaculo.cpp(32,18): warning C4244: '=': conversão de 'int' para 'T', possível perda de dados
          with
          [
              T=float
          ]
  personagem.cpp
C:\Users\Dell\Documents\CG\Dandara\personagem.cpp(10,18): warning C4305: '=': truncamento de 'double' para 'float'
  texturas.cpp
  Gerando Código...
  Dandara.vcxproj -> C:\Users\Dell\Documents\CG\Dandara\x64\Debug\Dandara.exe
